<html>
<body>
<pre>
<h1>µVision Build Log</h1>
<h2>Tool Versions:</h2>
IDE-Version: µVision V5.27.1.0
Copyright (C) 2019 ARM Ltd and ARM Germany GmbH. All rights reserved.
License Information: Nahida Majeed, Self employe, LIC=----
 
Tool Versions:
Toolchain:       PK51 Prof. Develpers Kit  Version: 9.60.0.0
Toolchain Path:  C:\Keil_v5\C51\BIN
C Compiler:      C51.exe V9.60.0.0
Assembler:       A51.exe V8.2.7.0
Linker/Locator:  BL51.exe V6.22.2.0
Library Manager: LIB51.exe V4.30.1.0
Hex Converter:   OH51.exe V2.7.0.0
CPU DLL:         S8051.DLL V3.122.0.0
Dialog DLL:      DP51.DLL V2.67.0.0 
<h2>Project:</h2>
C:\Users\User-pc\Desktop\nahi\1EmbeddedSoftwares\1MySampleEmbeddedProjects\ProjectDoorLockingSystem\wsp\DoorLock.uvproj
Project File Date:  10/01/2022

<h2>Output:</h2>
Rebuild target 'Target 1'
assembling STARTUP.A51...
compiling delay.c...
..\src\delay.c(1): warning C318: can't open file 'delay.h'
compiling lcd.c...
..\src\lcd.c(2): warning C318: can't open file 'global.h'
..\src\lcd.c(3): warning C318: can't open file 'delay.h'
..\src\lcd.c(4): warning C318: can't open file 'lcd.h'
..\src\lcd.c(12): warning C206: 'CLRBIT': missing function-prototype
..\src\lcd.c(12): error C267: 'CLRBIT': requires ANSI-style prototype
..\src\lcd.c(12): error C202: 'BIT7': undefined identifier
compiling mkeys.c...
..\src\mkeys.c(2): warning C318: can't open file 'global.h'
..\src\mkeys.c(3): warning C318: can't open file 'mkeys.h'
..\src\mkeys.c(15): warning C206: 'CLRBIT': missing function-prototype
..\src\mkeys.c(15): error C267: 'CLRBIT': requires ANSI-style prototype
..\src\mkeys.c(15): error C202: 'BIT0': undefined identifier
compiling main.c...
..\app\main.c(2): warning C318: can't open file 'global.h'
..\app\main.c(3): warning C318: can't open file 'lcd.h'
..\app\main.c(4): warning C318: can't open file 'mkeys.h'
..\app\main.c(6): error C247: non-address/-constant initializer
compiling stepper.c...
..\src\stepper.c(2): warning C318: can't open file 'stepper.h'
..\src\stepper.c(3): warning C318: can't open file 'delay.h'
..\src\stepper.c(8): error C202: 'STEEPER': undefined identifier
Target not created.
Build Time Elapsed:  00:00:17
</pre>
</body>
</html>
